
# List of Drivers to be skipped during RMView parse

# Created and Maintained by Britt Turnbull
# Last updated on : Wed Jan 01 10:03:43 2003


AFINETK.SYS
AFNB.SYS
AFOS2.SYS
APM_NH.SYS
ASPIDRV.SYS
ASPIROUT.SYS
ASPITAPE.SYS
BIOS.SNP
BT32.SYS
CFMASPI.SYS
CHKDSK.SYS
CPASPI.SYS
CPPOPA3.SYS
DOS.SYS
FMD.SYS
FTDVR.SYS
FWIP.SYS
FXWRAP.SYS
GRADD.SYS
IPX.SYS
KILLER.SYS
LANMSGDD.OS2
LANPDD.OS2
LOG.SYS
LSL.SYS
LXAPI32.SYS
MIDI.SYS
NETBEUI.OS2
NETBIOS.OS2 
NGUEST2.SYS
NHOST2.SYS
NOVASPI.SYS
NULLNDIS.OS2
NVCHOOK.SYS
NWREQ.SYS
OS2ASPI.DMD
OS2CDROM.DMD
OS2DASD.DMD
OS2KRNL
OS2LVM.DMD
OS2SCSI.DMD
P6K7MTRR.SYS
PMDD.SYS
PNP.SYS
POINTDD.SYS
PROTMAN.OS2
R0STUB.SYS
RDRHELP.200
RESERVE.SYS
RESOURCE.SYS
ROUTE.SYS
RSJSCSI.SYS
SDI_ASPI.SYS
SERIAL_0
SOCKETSK.SYS
SPX.SYS
SSMDD.SYS
SWITCH.OS2
SYM8XX06.ADD
SYSINFO.SYS
TCPBEUI.OS2
THESEUS5.SYS
TIMER0.SYS
UNICODE.SYS
VCSHDD.SYS
VDISK.SYS
VFDISK.SYS
VGAOFF.SYS
VPCAPP.SYS
WATCHCAT.SYS
WIN32K.SYS
WIPEDD.SYS
XF86SUP.SYS
